{"/home/jose/projeto simplificado/TESTJEST/calculos.js": {"path":"/home/jose/projeto simplificado/TESTJEST/calculos.js","statementMap":{"0":{"start":{"line":2,"column":21},"end":{"line":2,"column":38}},"1":{"start":{"line":3,"column":21},"end":{"line":3,"column":60}},"2":{"start":{"line":3,"column":44},"end":{"line":3,"column":59}},"3":{"start":{"line":4,"column":1},"end":{"line":4,"column":20}},"4":{"start":{"line":8,"column":12},"end":{"line":8,"column":13}},"5":{"start":{"line":9,"column":4},"end":{"line":11,"column":5}},"6":{"start":{"line":10,"column":8},"end":{"line":10,"column":30}},"7":{"start":{"line":12,"column":1},"end":{"line":12,"column":13}},"8":{"start":{"line":16,"column":12},"end":{"line":16,"column":34}},"9":{"start":{"line":17,"column":13},"end":{"line":17,"column":38}},"10":{"start":{"line":18,"column":1},"end":{"line":18,"column":14}},"11":{"start":{"line":22,"column":4},"end":{"line":22,"column":29}},"12":{"start":{"line":23,"column":9},"end":{"line":23,"column":27}},"13":{"start":{"line":24,"column":17},"end":{"line":24,"column":119}},"14":{"start":{"line":24,"column":60},"end":{"line":24,"column":90}},"15":{"start":{"line":25,"column":4},"end":{"line":25,"column":26}},"16":{"start":{"line":26,"column":1},"end":{"line":26,"column":18}},"17":{"start":{"line":30,"column":22},"end":{"line":30,"column":44}},"18":{"start":{"line":31,"column":20},"end":{"line":31,"column":39}},"19":{"start":{"line":32,"column":1},"end":{"line":32,"column":21}},"20":{"start":{"line":36,"column":21},"end":{"line":36,"column":22}},"21":{"start":{"line":37,"column":15},"end":{"line":37,"column":16}},"22":{"start":{"line":39,"column":4},"end":{"line":45,"column":5}},"23":{"start":{"line":40,"column":16},"end":{"line":40,"column":63}},"24":{"start":{"line":40,"column":43},"end":{"line":40,"column":55}},"25":{"start":{"line":41,"column":8},"end":{"line":44,"column":9}},"26":{"start":{"line":42,"column":12},"end":{"line":42,"column":27}},"27":{"start":{"line":43,"column":12},"end":{"line":43,"column":23}},"28":{"start":{"line":46,"column":4},"end":{"line":46,"column":16}},"29":{"start":{"line":49,"column":0},"end":{"line":51,"column":2}}},"fnMap":{"0":{"name":"inputValores","decl":{"start":{"line":1,"column":9},"end":{"line":1,"column":21}},"loc":{"start":{"line":1,"column":30},"end":{"line":5,"column":1}},"line":1},"1":{"name":"(anonymous_1)","decl":{"start":{"line":3,"column":37},"end":{"line":3,"column":38}},"loc":{"start":{"line":3,"column":44},"end":{"line":3,"column":59}},"line":3},"2":{"name":"somatoria","decl":{"start":{"line":7,"column":9},"end":{"line":7,"column":18}},"loc":{"start":{"line":7,"column":32},"end":{"line":13,"column":1}},"line":7},"3":{"name":"media","decl":{"start":{"line":15,"column":9},"end":{"line":15,"column":14}},"loc":{"start":{"line":15,"column":28},"end":{"line":19,"column":1}},"line":15},"4":{"name":"variancia","decl":{"start":{"line":21,"column":9},"end":{"line":21,"column":18}},"loc":{"start":{"line":21,"column":32},"end":{"line":27,"column":1}},"line":21},"5":{"name":"(anonymous_5)","decl":{"start":{"line":24,"column":36},"end":{"line":24,"column":37}},"loc":{"start":{"line":24,"column":60},"end":{"line":24,"column":90}},"line":24},"6":{"name":"desvPad","decl":{"start":{"line":29,"column":9},"end":{"line":29,"column":16}},"loc":{"start":{"line":29,"column":30},"end":{"line":33,"column":1}},"line":29},"7":{"name":"moda","decl":{"start":{"line":35,"column":9},"end":{"line":35,"column":13}},"loc":{"start":{"line":35,"column":27},"end":{"line":47,"column":1}},"line":35},"8":{"name":"(anonymous_8)","decl":{"start":{"line":40,"column":35},"end":{"line":40,"column":36}},"loc":{"start":{"line":40,"column":43},"end":{"line":40,"column":55}},"line":40}},"branchMap":{"0":{"loc":{"start":{"line":41,"column":8},"end":{"line":44,"column":9}},"type":"if","locations":[{"start":{"line":41,"column":8},"end":{"line":44,"column":9}},{"start":{},"end":{}}],"line":41}},"s":{"0":1,"1":1,"2":10,"3":1,"4":4,"5":4,"6":24,"7":4,"8":3,"9":3,"10":3,"11":2,"12":2,"13":2,"14":12,"15":2,"16":2,"17":1,"18":1,"19":1,"20":1,"21":1,"22":1,"23":6,"24":36,"25":6,"26":1,"27":1,"28":1,"29":1},"f":{"0":1,"1":10,"2":4,"3":3,"4":2,"5":12,"6":1,"7":1,"8":36},"b":{"0":[1,5]},"_coverageSchema":"1a1c01bbd47fc00a2c39e90264f33305004495a9","hash":"e86d016ce72dfb1853ac0ca5f356cb58529904ed"}
,"/home/jose/projeto simplificado/TESTJEST/seletor.js": {"path":"/home/jose/projeto simplificado/TESTJEST/seletor.js","statementMap":{"0":{"start":{"line":4,"column":1},"end":{"line":24,"column":3}},"1":{"start":{"line":6,"column":2},"end":{"line":6,"column":24}},"2":{"start":{"line":7,"column":2},"end":{"line":7,"column":19}},"3":{"start":{"line":10,"column":2},"end":{"line":10,"column":28}},"4":{"start":{"line":11,"column":2},"end":{"line":11,"column":19}},"5":{"start":{"line":14,"column":2},"end":{"line":14,"column":28}},"6":{"start":{"line":15,"column":2},"end":{"line":15,"column":19}},"7":{"start":{"line":18,"column":2},"end":{"line":18,"column":32}},"8":{"start":{"line":19,"column":2},"end":{"line":19,"column":19}},"9":{"start":{"line":22,"column":2},"end":{"line":22,"column":23}},"10":{"start":{"line":23,"column":2},"end":{"line":23,"column":19}},"11":{"start":{"line":27,"column":0},"end":{"line":29,"column":2}}},"fnMap":{"0":{"name":"seletor","decl":{"start":{"line":1,"column":9},"end":{"line":1,"column":16}},"loc":{"start":{"line":1,"column":27},"end":{"line":25,"column":1}},"line":1}},"branchMap":{"0":{"loc":{"start":{"line":4,"column":1},"end":{"line":24,"column":3}},"type":"switch","locations":[{"start":{"line":5,"column":2},"end":{"line":7,"column":19}},{"start":{"line":9,"column":2},"end":{"line":11,"column":19}},{"start":{"line":13,"column":2},"end":{"line":15,"column":19}},{"start":{"line":17,"column":2},"end":{"line":19,"column":19}},{"start":{"line":21,"column":2},"end":{"line":23,"column":19}}],"line":4}},"s":{"0":6,"1":1,"2":1,"3":1,"4":1,"5":1,"6":1,"7":1,"8":1,"9":2,"10":2,"11":1},"f":{"0":6},"b":{"0":[1,1,1,1,2]},"_coverageSchema":"1a1c01bbd47fc00a2c39e90264f33305004495a9","hash":"c8a390a85e4b64da3ccbab19e4f49c6e08644d28"}
}
