TN:
SF:calculos.js
FN:1,inputValores
FN:3,(anonymous_1)
FN:7,somatoria
FN:15,media
FN:21,variancia
FN:24,(anonymous_5)
FN:29,desvPad
FN:35,moda
FN:40,(anonymous_8)
FNF:9
FNH:9
FNDA:1,inputValores
FNDA:10,(anonymous_1)
FNDA:4,somatoria
FNDA:3,media
FNDA:2,variancia
FNDA:12,(anonymous_5)
FNDA:1,desvPad
FNDA:1,moda
FNDA:36,(anonymous_8)
DA:2,1
DA:3,10
DA:4,1
DA:8,4
DA:9,4
DA:10,24
DA:12,4
DA:16,3
DA:17,3
DA:18,3
DA:22,2
DA:23,2
DA:24,12
DA:25,2
DA:26,2
DA:30,1
DA:31,1
DA:32,1
DA:36,1
DA:37,1
DA:39,1
DA:40,36
DA:41,6
DA:42,1
DA:43,1
DA:46,1
DA:49,1
LF:27
LH:27
BRDA:41,0,0,1
BRDA:41,0,1,5
BRF:2
BRH:2
end_of_record
TN:
SF:seletor.js
FN:1,seletor
FNF:1
FNH:1
FNDA:6,seletor
DA:4,6
DA:6,1
DA:7,1
DA:10,1
DA:11,1
DA:14,1
DA:15,1
DA:18,1
DA:19,1
DA:22,2
DA:23,2
DA:27,1
LF:12
LH:12
BRDA:4,0,0,1
BRDA:4,0,1,1
BRDA:4,0,2,1
BRDA:4,0,3,1
BRDA:4,0,4,2
BRF:5
BRH:5
end_of_record
